<?xml version="1.0" encoding="UTF-8"?>
<!-- Generated by org.testng.reporters.JUnitReportReporter -->
<testsuite skipped="0" hostname="NODE162" name="com.restAssured.test.restAssured_test_project.SampleTest" tests="1" failures="0" timestamp="2020-05-12T00:49:18 CDT" time="2.506" errors="0">
  <testcase name="sampleLogin" time="2.506" classname="com.restAssured.test.restAssured_test_project.SampleTest"/>
</testsuite> <!-- com.restAssured.test.restAssured_test_project.SampleTest -->
